<?xml version="1.0" encoding="UTF-8"?>
<!-- Generated by org.testng.reporters.JUnitReportReporter -->
<testsuite hostname="DESKTOP-GTEVIFT" failures="0" tests="1" name="crud_without_BBD.Update_All_Deatails_projectTest" time="6.675" errors="0" timestamp="2023-09-13T12:38:49 IST" skipped="0">
  <testcase classname="crud_without_BBD.Update_All_Deatails_projectTest" name="Put" time="6.675"/>
  <system-out/>
</testsuite> <!-- crud_without_BBD.Update_All_Deatails_projectTest -->
