<?xml version="1.0" encoding="UTF-8"?>
<!-- Generated by org.testng.reporters.JUnitReportReporter -->
<testsuite hostname="DESKTOP-GTEVIFT" failures="0" tests="1" name="json_validation.Response_Header_Validation" time="5.218" errors="0" timestamp="2023-09-19T16:11:23 IST" skipped="0">
  <testcase classname="json_validation.Response_Header_Validation" name="Header_Validaton" time="5.218"/>
  <system-out/>
</testsuite> <!-- json_validation.Response_Header_Validation -->
