<?xml version="1.0" encoding="UTF-8"?>
<!-- Generated by org.testng.reporters.JUnitReportReporter -->
<testsuite hostname="DESKTOP-GTEVIFT" failures="0" tests="1" name="Framework_Scripts.Create_Update_Validate" time="35.276" errors="0" timestamp="2023-09-22T09:49:43 IST" skipped="0">
  <testcase classname="Framework_Scripts.Create_Update_Validate" name="Create_Update" time="35.276"/>
  <system-out/>
</testsuite> <!-- Framework_Scripts.Create_Update_Validate -->
