<?xml version="1.0" encoding="UTF-8"?>
<!-- Generated by org.testng.reporters.JUnitReportReporter -->
<testsuite hostname="DESKTOP-GTEVIFT" failures="0" tests="1" name="Parser_Scripts.Serialization_ComplexData" time="0.579" errors="0" timestamp="2023-09-24T19:13:30 IST" skipped="0">
  <testcase classname="Parser_Scripts.Serialization_ComplexData" name="serialization" time="0.579"/>
  <system-out/>
</testsuite> <!-- Parser_Scripts.Serialization_ComplexData -->
