<?xml version="1.0" encoding="UTF-8"?>
<!-- Generated by org.testng.reporters.JUnitReportReporter -->
<testsuite hostname="DESKTOP-GTEVIFT" failures="0" tests="1" name="Parser_Scripts.De_Serialization" time="0.662" errors="0" timestamp="2023-12-14T11:05:38 IST" skipped="0">
  <testcase classname="Parser_Scripts.De_Serialization" name="Details" time="0.662"/>
  <system-out/>
</testsuite> <!-- Parser_Scripts.De_Serialization -->
