<?xml version="1.0" encoding="UTF-8"?>
<!-- Generated by org.testng.reporters.JUnitReportReporter -->
<testsuite hostname="DESKTOP-GTEVIFT" failures="0" tests="1" name="Parser_Scripts.Serialiazation" time="0.593" errors="0" timestamp="2023-09-19T11:02:37 IST" skipped="0">
  <testcase classname="Parser_Scripts.Serialiazation" name="employee" time="0.593"/>
  <system-out/>
</testsuite> <!-- Parser_Scripts.Serialiazation -->
