<?xml version="1.0" encoding="UTF-8"?>
<!-- Generated by org.testng.reporters.JUnitReportReporter -->
<testsuite hostname="DESKTOP-GTEVIFT" failures="0" tests="1" name="different_Ways_Post_Data_Reqres.Post_Data_Pojo_Class" time="8.498" errors="0" timestamp="2023-09-14T16:31:04 IST" skipped="0">
  <testcase classname="different_Ways_Post_Data_Reqres.Post_Data_Pojo_Class" name="Pojo_class" time="8.498"/>
  <system-out/>
</testsuite> <!-- different_Ways_Post_Data_Reqres.Post_Data_Pojo_Class -->
