<?xml version="1.0" encoding="UTF-8"?>
<!-- Generated by org.testng.reporters.JUnitReportReporter -->
<testsuite hostname="DESKTOP-GTEVIFT" failures="0" tests="3" name="data_Driven.Data_Providers" time="10.156" errors="0" timestamp="2023-09-15T11:12:48 IST" skipped="0">
  <testcase classname="data_Driven.Data_Providers" name="fetchData" time="0.368"/>
  <system-out/>
  <testcase classname="data_Driven.Data_Providers" name="fetchData" time="0.243"/>
  <system-out/>
  <testcase classname="data_Driven.Data_Providers" name="fetchData" time="9.545"/>
  <system-out/>
</testsuite> <!-- data_Driven.Data_Providers -->
