<?xml version="1.0" encoding="UTF-8"?>
<!-- Generated by org.testng.reporters.JUnitReportReporter -->
<testsuite hostname="DESKTOP-GTEVIFT" failures="0" tests="1" name="requst_Response_Spec_Builder.Create_Project" time="7.130" errors="0" timestamp="2023-09-20T11:07:43 IST" skipped="0">
  <testcase classname="requst_Response_Spec_Builder.Create_Project" name="ProjectSpec" time="7.130"/>
  <system-out/>
</testsuite> <!-- requst_Response_Spec_Builder.Create_Project -->
