<?xml version="1.0" encoding="UTF-8"?>
<!-- Generated by org.testng.reporters.JUnitReportReporter -->
<testsuite hostname="DESKTOP-GTEVIFT" failures="0" tests="1" name="Framework_Scripts.Scenario_4" time="13.806" errors="0" timestamp="2023-09-22T15:23:50 IST" skipped="0">
  <testcase classname="Framework_Scripts.Scenario_4" name="delete" time="13.806"/>
  <system-out/>
</testsuite> <!-- Framework_Scripts.Scenario_4 -->
