<?xml version="1.0" encoding="UTF-8"?>
<!-- Generated by org.testng.reporters.JUnitReportReporter -->
<testsuite hostname="DESKTOP-GTEVIFT" failures="0" tests="1" name="crud_with_BBD_RmgYantra.Get_All_Projects" time="19.086" errors="0" timestamp="2023-09-19T15:46:03 IST" skipped="0">
  <testcase classname="crud_with_BBD_RmgYantra.Get_All_Projects" name="GetAll" time="19.086"/>
  <system-out/>
</testsuite> <!-- crud_with_BBD_RmgYantra.Get_All_Projects -->
