<?xml version="1.0" encoding="UTF-8"?>
<!-- Generated by org.testng.reporters.JUnitReportReporter -->
<testsuite hostname="DESKTOP-GTEVIFT" failures="0" tests="1" name="crud_Without_BBD_Reqres.Create_Data" time="7.084" errors="0" timestamp="2023-09-13T12:51:52 IST" skipped="0">
  <testcase classname="crud_Without_BBD_Reqres.Create_Data" name="Create" time="7.084"/>
  <system-out/>
</testsuite> <!-- crud_Without_BBD_Reqres.Create_Data -->
