<?xml version="1.0" encoding="UTF-8"?>
<!-- Generated by org.testng.reporters.JUnitReportReporter -->
<testsuite hostname="DESKTOP-GTEVIFT" failures="0" tests="1" name="Framework_Scripts.Scenario_1" time="12.762" errors="0" timestamp="2023-09-22T16:19:52 IST" skipped="0">
  <testcase classname="Framework_Scripts.Scenario_1" name="create" time="12.762"/>
  <system-out/>
</testsuite> <!-- Framework_Scripts.Scenario_1 -->
