<?xml version="1.0" encoding="UTF-8"?>
<!-- Generated by org.testng.reporters.JUnitReportReporter -->
<testsuite hostname="DESKTOP-GTEVIFT" failures="0" tests="1" name="Framework_Scripts.CreateProject" time="8.055" errors="0" timestamp="2023-09-20T14:46:05 IST" skipped="0">
  <testcase classname="Framework_Scripts.CreateProject" name="create" time="8.055"/>
  <system-out/>
</testsuite> <!-- Framework_Scripts.CreateProject -->
