<?xml version="1.0" encoding="UTF-8"?>
<!-- Generated by org.testng.reporters.JUnitReportReporter -->
<testsuite hostname="DESKTOP-GTEVIFT" failures="0" tests="1" name="request_Chaining.Create_Data_Reqres" time="10.408" errors="0" timestamp="2023-10-11T16:33:34 IST" skipped="0">
  <testcase classname="request_Chaining.Create_Data_Reqres" name="Create" time="10.408"/>
  <system-out/>
</testsuite> <!-- request_Chaining.Create_Data_Reqres -->
