<?xml version="1.0" encoding="UTF-8"?>
<!-- Generated by org.testng.reporters.JUnitReportReporter -->
<testsuite hostname="DESKTOP-GTEVIFT" failures="0" tests="1" name="Parser_Scripts.Serialization" time="0.766" errors="0" timestamp="2023-09-24T18:50:32 IST" skipped="0">
  <testcase classname="Parser_Scripts.Serialization" name="employee" time="0.766"/>
  <system-out/>
</testsuite> <!-- Parser_Scripts.Serialization -->
