<?xml version="1.0" encoding="UTF-8"?>
<!-- Generated by org.testng.reporters.JUnitReportReporter -->
<testsuite hostname="DESKTOP-GTEVIFT" failures="0" tests="1" name="Framework_Scripts.Create_Project_Generics_Pom" time="22.092" errors="0" timestamp="2023-09-22T12:30:19 IST" skipped="0">
  <testcase classname="Framework_Scripts.Create_Project_Generics_Pom" name="Create" time="22.092"/>
  <system-out/>
</testsuite> <!-- Framework_Scripts.Create_Project_Generics_Pom -->
