<?xml version="1.0" encoding="UTF-8"?>
<!-- Generated by org.testng.reporters.JUnitReportReporter -->
<testsuite hostname="DESKTOP-GTEVIFT" failures="0" tests="1" name="authentication.Bearer_Token" time="9.176" errors="0" timestamp="2023-09-24T20:46:16 IST" skipped="0">
  <testcase classname="authentication.Bearer_Token" name="Bearer" time="9.176"/>
  <system-out/>
</testsuite> <!-- authentication.Bearer_Token -->
