<?xml version="1.0" encoding="UTF-8"?>
<!-- Generated by org.testng.reporters.JUnitReportReporter -->
<testsuite hostname="DESKTOP-GTEVIFT" failures="0" tests="1" name="crud_without_BBD.Delete_Projects" time="11.928" errors="0" timestamp="2023-09-13T12:40:40 IST" skipped="0">
  <testcase classname="crud_without_BBD.Delete_Projects" name="Delete" time="11.928"/>
  <system-out/>
</testsuite> <!-- crud_without_BBD.Delete_Projects -->
