<?xml version="1.0" encoding="UTF-8"?>
<!-- Generated by org.testng.reporters.JUnitReportReporter -->
<testsuite hostname="DESKTOP-GTEVIFT" failures="0" tests="1" name="crud_with_BBD.Delete_Project" time="5.026" errors="0" timestamp="2023-09-13T16:16:08 IST" skipped="0">
  <testcase classname="crud_with_BBD.Delete_Project" name="Delete" time="5.026"/>
  <system-out/>
</testsuite> <!-- crud_with_BBD.Delete_Project -->
