<?xml version="1.0" encoding="UTF-8"?>
<!-- Generated by org.testng.reporters.JUnitReportReporter -->
<testsuite hostname="DESKTOP-GTEVIFT" failures="0" tests="1" name="interview_Questions.Data_Masking" time="6.787" errors="0" timestamp="2023-09-20T15:57:04 IST" skipped="0">
  <testcase classname="interview_Questions.Data_Masking" name="hideData" time="6.787"/>
  <system-out/>
</testsuite> <!-- interview_Questions.Data_Masking -->
