<?xml version="1.0" encoding="UTF-8"?>
<!-- Generated by org.testng.reporters.JUnitReportReporter -->
<testsuite hostname="DESKTOP-GTEVIFT" failures="0" tests="1" name="crud_with_BBD.Update_All_details" time="6.684" errors="0" timestamp="2023-09-13T16:12:58 IST" skipped="0">
  <testcase classname="crud_with_BBD.Update_All_details" name="Put" time="6.684"/>
  <system-out/>
</testsuite> <!-- crud_with_BBD.Update_All_details -->
