<?xml version="1.0" encoding="UTF-8"?>
<!-- Generated by org.testng.reporters.JUnitReportReporter -->
<testsuite hostname="DESKTOP-GTEVIFT" failures="0" tests="1" name="Crud_With_BDD_Reqres.Create_Data" time="8.831" errors="0" timestamp="2023-09-13T16:22:41 IST" skipped="0">
  <testcase classname="Crud_With_BDD_Reqres.Create_Data" name="Post" time="8.831"/>
  <system-out/>
</testsuite> <!-- Crud_With_BDD_Reqres.Create_Data -->
