<?xml version="1.0" encoding="UTF-8"?>
<!-- Generated by org.testng.reporters.JUnitReportReporter -->
<testsuite hostname="DESKTOP-GTEVIFT" failures="0" tests="1" name="Parser_Scripts.Serialization_Array_Data" time="0.550" errors="0" timestamp="2023-12-14T11:39:21 IST" skipped="0">
  <testcase classname="Parser_Scripts.Serialization_Array_Data" name="employee" time="0.550"/>
  <system-out/>
</testsuite> <!-- Parser_Scripts.Serialization_Array_Data -->
