<?xml version="1.0" encoding="UTF-8"?>
<!-- Generated by org.testng.reporters.JUnitReportReporter -->
<testsuite hostname="DESKTOP-GTEVIFT" failures="0" tests="1" name="interview_Practice.Petsore_UploadImage" time="6.532" errors="0" timestamp="2023-12-01T15:39:17 IST" skipped="0">
  <testcase classname="interview_Practice.Petsore_UploadImage" name="AddPet" time="6.532"/>
  <system-out/>
</testsuite> <!-- interview_Practice.Petsore_UploadImage -->
