<?xml version="1.0" encoding="UTF-8"?>
<!-- Generated by org.testng.reporters.JUnitReportReporter -->
<testsuite hostname="DESKTOP-GTEVIFT" failures="0" tests="1" name="crud_Without_BBD_Reqres.Delete_Data" time="6.317" errors="0" timestamp="2023-09-13T13:12:03 IST" skipped="0">
  <testcase classname="crud_Without_BBD_Reqres.Delete_Data" name="Delete" time="6.317"/>
  <system-out/>
</testsuite> <!-- crud_Without_BBD_Reqres.Delete_Data -->
