<?xml version="1.0" encoding="UTF-8"?>
<!-- Generated by org.testng.reporters.JUnitReportReporter -->
<testsuite hostname="DESKTOP-GTEVIFT" failures="0" tests="1" name="different_Ways_Post_Data_RmgYantra.Post_Data_PojoClass" time="6.701" errors="0" timestamp="2023-09-14T11:19:39 IST" skipped="0">
  <testcase classname="different_Ways_Post_Data_RmgYantra.Post_Data_PojoClass" name="Post_PojoClass" time="6.701"/>
  <system-out/>
</testsuite> <!-- different_Ways_Post_Data_RmgYantra.Post_Data_PojoClass -->
