<?xml version="1.0" encoding="UTF-8"?>
<!-- Generated by org.testng.reporters.JUnitReportReporter -->
<testsuite hostname="DESKTOP-GTEVIFT" failures="0" tests="1" name="interview_Questions.Checking_Response_data_format" time="6.818" errors="0" timestamp="2023-09-20T16:23:47 IST" skipped="0">
  <testcase classname="interview_Questions.Checking_Response_data_format" name="ResponseObject" time="6.818"/>
  <system-out/>
</testsuite> <!-- interview_Questions.Checking_Response_data_format -->
