<?xml version="1.0" encoding="UTF-8"?>
<!-- Generated by org.testng.reporters.JUnitReportReporter -->
<testsuite hostname="DESKTOP-GTEVIFT" failures="0" tests="1" name="interview_Practice.Get_Response" time="6.402" errors="0" timestamp="2023-12-01T15:35:33 IST" skipped="0">
  <testcase classname="interview_Practice.Get_Response" name="Getjsondata" time="6.402"/>
  <system-out/>
</testsuite> <!-- interview_Practice.Get_Response -->
