<?xml version="1.0" encoding="UTF-8"?>
<!-- Generated by org.testng.reporters.JUnitReportReporter -->
<testsuite hostname="DESKTOP-GTEVIFT" failures="0" tests="1" name="crud_with_BBD.Get_All_Projects" time="24.727" errors="0" timestamp="2023-09-13T16:15:34 IST" skipped="0">
  <testcase classname="crud_with_BBD.Get_All_Projects" name="GetAll" time="24.727"/>
  <system-out/>
</testsuite> <!-- crud_with_BBD.Get_All_Projects -->
