<?xml version="1.0" encoding="UTF-8"?>
<!-- Generated by org.testng.reporters.JUnitReportReporter -->
<testsuite hostname="DESKTOP-GTEVIFT" failures="0" tests="1" name="response_Body_validation.Dynamic_Response_Body_Validation" time="46.379" errors="0" timestamp="2023-09-14T12:57:50 IST" skipped="0">
  <testcase classname="response_Body_validation.Dynamic_Response_Body_Validation" name="Dynamic_Response" time="46.379"/>
  <system-out/>
</testsuite> <!-- response_Body_validation.Dynamic_Response_Body_Validation -->
