<?xml version="1.0" encoding="UTF-8"?>
<!-- Generated by org.testng.reporters.JUnitReportReporter -->
<testsuite hostname="DESKTOP-GTEVIFT" failures="0" tests="1" name="Parser_Scripts.Serialization_Complex_Data" time="0.552" errors="0" timestamp="2023-09-19T12:22:01 IST" skipped="0">
  <testcase classname="Parser_Scripts.Serialization_Complex_Data" name="employee" time="0.552"/>
  <system-out/>
</testsuite> <!-- Parser_Scripts.Serialization_Complex_Data -->
