<?xml version="1.0" encoding="UTF-8"?>
<!-- Generated by org.testng.reporters.JUnitReportReporter -->
<testsuite hostname="DESKTOP-GTEVIFT" failures="0" tests="1" name="request_Chaining.Create_Project_Chaining" time="9.045" errors="0" timestamp="2023-09-14T15:27:22 IST" skipped="0">
  <testcase classname="request_Chaining.Create_Project_Chaining" name="Create_Chaining" time="9.045"/>
  <system-out/>
</testsuite> <!-- request_Chaining.Create_Project_Chaining -->
