<?xml version="1.0" encoding="UTF-8"?>
<!-- Generated by org.testng.reporters.JUnitReportReporter -->
<testsuite hostname="DESKTOP-GTEVIFT" failures="0" tests="1" name="crud_without_BBD.Get_Particular_Project" time="5.453" errors="0" timestamp="2023-09-13T13:20:50 IST" skipped="0">
  <testcase classname="crud_without_BBD.Get_Particular_Project" name="Get" time="5.453"/>
  <system-out/>
</testsuite> <!-- crud_without_BBD.Get_Particular_Project -->
