<?xml version="1.0" encoding="UTF-8"?>
<!-- Generated by org.testng.reporters.JUnitReportReporter -->
<testsuite hostname="DESKTOP-GTEVIFT" failures="0" tests="1" name="Parser_Scripts.De_serialization_ComplexData" time="0.652" errors="0" timestamp="2023-09-24T19:06:17 IST" skipped="0">
  <testcase classname="Parser_Scripts.De_serialization_ComplexData" name="de_Serialization" time="0.652"/>
  <system-out/>
</testsuite> <!-- Parser_Scripts.De_serialization_ComplexData -->
