<?xml version="1.0" encoding="UTF-8"?>
<!-- Generated by org.testng.reporters.JUnitReportReporter -->
<testsuite hostname="DESKTOP-GTEVIFT" failures="0" tests="1" name="parameters.Path_parameter" time="13.216" errors="0" timestamp="2023-09-14T15:34:16 IST" skipped="0">
  <testcase classname="parameters.Path_parameter" name="Path" time="13.216"/>
  <system-out/>
</testsuite> <!-- parameters.Path_parameter -->
