<?xml version="1.0" encoding="UTF-8"?>
<!-- Generated by org.testng.reporters.JUnitReportReporter -->
<testsuite hostname="DESKTOP-GTEVIFT" failures="0" tests="1" name="json_validation.Json_Schema_Validation" time="7.936" errors="0" timestamp="2023-10-11T11:05:34 IST" skipped="0">
  <testcase classname="json_validation.Json_Schema_Validation" name="SchemaValidation" time="7.936"/>
  <system-out/>
</testsuite> <!-- json_validation.Json_Schema_Validation -->
