<?xml version="1.0" encoding="UTF-8"?>
<!-- Generated by org.testng.reporters.JUnitReportReporter -->
<testsuite hostname="DESKTOP-GTEVIFT" failures="0" tests="1" name="Framework_Scripts.Scenario_3" time="21.747" errors="0" timestamp="2023-09-22T16:06:42 IST" skipped="0">
  <testcase classname="Framework_Scripts.Scenario_3" name="Create_Update" time="21.747"/>
  <system-out/>
</testsuite> <!-- Framework_Scripts.Scenario_3 -->
