<?xml version="1.0" encoding="UTF-8"?>
<!-- Generated by org.testng.reporters.JUnitReportReporter -->
<testsuite hostname="DESKTOP-GTEVIFT" failures="0" tests="1" name="Crud_With_BDD_Reqres.Get_all_Data" time="6.602" errors="0" timestamp="2023-09-14T17:12:56 IST" skipped="0">
  <testcase classname="Crud_With_BDD_Reqres.Get_all_Data" name="GetAll" time="6.602"/>
  <system-out/>
</testsuite> <!-- Crud_With_BDD_Reqres.Get_all_Data -->
