<?xml version="1.0" encoding="UTF-8"?>
<!-- Generated by org.testng.reporters.JUnitReportReporter -->
<testsuite hostname="DESKTOP-GTEVIFT" failures="0" tests="1" name="Crud_With_BDD_Reqres.Update_All_Put" time="7.145" errors="0" timestamp="2023-09-13T17:19:58 IST" skipped="0">
  <testcase classname="Crud_With_BDD_Reqres.Update_All_Put" name="Put" time="7.145"/>
  <system-out/>
</testsuite> <!-- Crud_With_BDD_Reqres.Update_All_Put -->
