<?xml version="1.0" encoding="UTF-8"?>
<!-- Generated by org.testng.reporters.JUnitReportReporter -->
<testsuite hostname="DESKTOP-GTEVIFT" failures="0" tests="1" name="response_Body_validation.Dynamic_VAlidation_Reqres" time="8.530" errors="0" timestamp="2023-09-24T22:22:34 IST" skipped="0">
  <testcase classname="response_Body_validation.Dynamic_VAlidation_Reqres" name="Validation_id" time="8.530"/>
  <system-out/>
</testsuite> <!-- response_Body_validation.Dynamic_VAlidation_Reqres -->
