<?xml version="1.0" encoding="UTF-8"?>
<!-- Generated by org.testng.reporters.JUnitReportReporter -->
<testsuite hostname="DESKTOP-GTEVIFT" failures="0" tests="1" name="crud_without_BBD.CreateProjectTest" time="6.460" errors="0" timestamp="2023-09-13T13:25:13 IST" skipped="0">
  <testcase classname="crud_without_BBD.CreateProjectTest" name="Pos" time="6.460"/>
  <system-out/>
</testsuite> <!-- crud_without_BBD.CreateProjectTest -->
