<?xml version="1.0" encoding="UTF-8"?>
<!-- Generated by org.testng.reporters.JUnitReportReporter -->
<testsuite hostname="DESKTOP-GTEVIFT" failures="0" tests="1" name="crud_without_BBD_RmgYantra.CreateProjectTest" time="5.663" errors="0" timestamp="2023-09-19T10:32:31 IST" skipped="0">
  <testcase classname="crud_without_BBD_RmgYantra.CreateProjectTest" name="Pos" time="5.663"/>
  <system-out/>
</testsuite> <!-- crud_without_BBD_RmgYantra.CreateProjectTest -->
