<?xml version="1.0" encoding="UTF-8"?>
<!-- Generated by org.testng.reporters.JUnitReportReporter -->
<testsuite hostname="DESKTOP-GTEVIFT" failures="0" tests="1" name="different_Ways_Post_Data.Post_Data_Using_Json_Object" time="6.843" errors="0" timestamp="2023-09-14T10:22:06 IST" skipped="0">
  <testcase classname="different_Ways_Post_Data.Post_Data_Using_Json_Object" name="Post_Json_Obj" time="6.843"/>
  <system-out/>
</testsuite> <!-- different_Ways_Post_Data.Post_Data_Using_Json_Object -->
