<?xml version="1.0" encoding="UTF-8"?>
<!-- Generated by org.testng.reporters.JUnitReportReporter -->
<testsuite hostname="DESKTOP-GTEVIFT" failures="0" tests="1" name="Crud_With_BDD_Reqres.Get_Single_data" time="6.041" errors="0" timestamp="2023-09-13T17:45:52 IST" skipped="0">
  <testcase classname="Crud_With_BDD_Reqres.Get_Single_data" name="Get" time="6.041"/>
  <system-out/>
</testsuite> <!-- Crud_With_BDD_Reqres.Get_Single_data -->
