<?xml version="1.0" encoding="UTF-8"?>
<!-- Generated by org.testng.reporters.JUnitReportReporter -->
<testsuite hostname="DESKTOP-GTEVIFT" failures="0" tests="1" name="response_Body_validation.Static_Validation_Reqres" time="8.265" errors="0" timestamp="2023-09-14T17:34:53 IST" skipped="0">
  <testcase classname="response_Body_validation.Static_Validation_Reqres" name="Validation_email" time="8.265"/>
  <system-out/>
</testsuite> <!-- response_Body_validation.Static_Validation_Reqres -->
