<?xml version="1.0" encoding="UTF-8"?>
<!-- Generated by org.testng.reporters.JUnitReportReporter -->
<testsuite hostname="DESKTOP-GTEVIFT" failures="0" tests="1" name="Framework_Scripts.Create_Fetch_Validate_HardCoded" time="26.095" errors="0" timestamp="2023-09-22T12:13:27 IST" skipped="0">
  <testcase classname="Framework_Scripts.Create_Fetch_Validate_HardCoded" name="System" time="26.095"/>
  <system-out/>
</testsuite> <!-- Framework_Scripts.Create_Fetch_Validate_HardCoded -->
