<?xml version="1.0" encoding="UTF-8"?>
<!-- Generated by org.testng.reporters.JUnitReportReporter -->
<testsuite hostname="DESKTOP-GTEVIFT" failures="0" tests="1" name="different_Ways_Post_Data_Reqres.Post_Data_Json_file" time="6.632" errors="0" timestamp="2023-09-14T16:29:37 IST" skipped="0">
  <testcase classname="different_Ways_Post_Data_Reqres.Post_Data_Json_file" name="post" time="6.632"/>
  <system-out/>
</testsuite> <!-- different_Ways_Post_Data_Reqres.Post_Data_Json_file -->
