<?xml version="1.0" encoding="UTF-8"?>
<!-- Generated by org.testng.reporters.JUnitReportReporter -->
<testsuite hostname="DESKTOP-GTEVIFT" failures="0" tests="1" name="crud_Without_BBD_Reqres.Update_Single_Data" time="7.149" errors="0" timestamp="2023-09-13T13:10:53 IST" skipped="0">
  <testcase classname="crud_Without_BBD_Reqres.Update_Single_Data" name="Patchh" time="7.149"/>
  <system-out/>
</testsuite> <!-- crud_Without_BBD_Reqres.Update_Single_Data -->
