<?xml version="1.0" encoding="UTF-8"?>
<!-- Generated by org.testng.reporters.JUnitReportReporter -->
<testsuite hostname="DESKTOP-GTEVIFT" failures="0" tests="1" name="Framework_Scripts.Scenario_2" time="18.232" errors="0" timestamp="2023-09-22T17:33:10 IST" skipped="0">
  <testcase classname="Framework_Scripts.Scenario_2" name="fetchdata" time="18.232"/>
  <system-out/>
</testsuite> <!-- Framework_Scripts.Scenario_2 -->
