<?xml version="1.0" encoding="UTF-8"?>
<!-- Generated by org.testng.reporters.JUnitReportReporter -->
<testsuite hostname="DESKTOP-GTEVIFT" failures="0" tests="1" name="crud_Without_BBD_Reqres.Update_data" time="7.428" errors="0" timestamp="2023-09-13T13:05:46 IST" skipped="0">
  <testcase classname="crud_Without_BBD_Reqres.Update_data" name="Update" time="7.428"/>
  <system-out/>
</testsuite> <!-- crud_Without_BBD_Reqres.Update_data -->
