<?xml version="1.0" encoding="UTF-8"?>
<!-- Generated by org.testng.reporters.JUnitReportReporter -->
<testsuite hostname="DESKTOP-GTEVIFT" failures="0" tests="1" name="interview.Get_Response" time="6.575" errors="0" timestamp="2023-10-11T12:01:06 IST" skipped="0">
  <testcase classname="interview.Get_Response" name="Getjsondata" time="6.575"/>
  <system-out/>
</testsuite> <!-- interview.Get_Response -->
