<?xml version="1.0" encoding="UTF-8"?>
<!-- Generated by org.testng.reporters.JUnitReportReporter -->
<testsuite hostname="DESKTOP-GTEVIFT" failures="0" tests="1" name="crud_Without_BBD_Reqres.Get_Particular_Data" time="6.121" errors="0" timestamp="2023-09-13T13:06:01 IST" skipped="0">
  <testcase classname="crud_Without_BBD_Reqres.Get_Particular_Data" name="Get" time="6.121"/>
  <system-out/>
</testsuite> <!-- crud_Without_BBD_Reqres.Get_Particular_Data -->
