<?xml version="1.0" encoding="UTF-8"?>
<!-- Generated by org.testng.reporters.JUnitReportReporter -->
<testsuite hostname="DESKTOP-GTEVIFT" failures="0" tests="1" name="parameters.Query_Parameter" time="6.296" errors="0" timestamp="2023-09-14T15:39:23 IST" skipped="0">
  <testcase classname="parameters.Query_Parameter" name="Query" time="6.296"/>
  <system-out/>
</testsuite> <!-- parameters.Query_Parameter -->
