<?xml version="1.0" encoding="UTF-8"?>
<!-- Generated by org.testng.reporters.JUnitReportReporter -->
<testsuite hostname="DESKTOP-GTEVIFT" failures="0" tests="1" name="crud_with_BBD_RmgYantra.Create_Project" time="6.216" errors="0" timestamp="2023-09-28T16:20:43 IST" skipped="0">
  <testcase classname="crud_with_BBD_RmgYantra.Create_Project" name="Create_Post" time="6.216"/>
  <system-out/>
</testsuite> <!-- crud_with_BBD_RmgYantra.Create_Project -->
