<?xml version="1.0" encoding="UTF-8"?>
<!-- Generated by org.testng.reporters.JUnitReportReporter -->
<testsuite hostname="DESKTOP-GTEVIFT" failures="0" tests="1" name="Framework_Scripts.Create_project_Baseclass" time="14.287" errors="0" timestamp="2023-09-22T13:22:46 IST" skipped="0">
  <testcase classname="Framework_Scripts.Create_project_Baseclass" name="create" time="14.287"/>
  <system-out/>
</testsuite> <!-- Framework_Scripts.Create_project_Baseclass -->
