<?xml version="1.0" encoding="UTF-8"?>
<!-- Generated by org.testng.reporters.JUnitReportReporter -->
<testsuite hostname="DESKTOP-GTEVIFT" failures="0" tests="1" name="authentication.OAuth_2_0" time="9.258" errors="0" timestamp="2023-09-24T21:58:38 IST" skipped="0">
  <testcase classname="authentication.OAuth_2_0" name="Coops_Eggs_Collect" time="9.258"/>
  <system-out/>
</testsuite> <!-- authentication.OAuth_2_0 -->
